mktextfm ecrm1095
mktextfm ptmr8t
mktextfm ptmb8t
mktextfm nullfont
mktextfm ptmb8t
mktextfm nullfont
mktextfm ptmb8t
mktextfm nullfont
mktextfm ptmr8t
mktextfm ptmr8t
mktextfm ptmr8t
mktextfm ptmr8t
mktextfm rsfs10
mktextfm rsfs10
mktextfm rsfs5
mktextfm pcrr8t
mktextfm rsfs10
mktextfm ptmr8t
mktextfm ptmr8t
mktextfm ptmb8t
mktextfm nullfont
mktextfm ptmb8t
mktextfm nullfont
mktextfm ptmr8t
mktextfm ptmri8t
mktextfm ptmri8t
mktextfm ptmb8t
mktextfm nullfont
mktextfm ptmr8t
mktextfm ecrm1095
mktextfm ptmr8t
mktextfm ptmb8t
mktextfm nullfont
mktextfm ptmb8t
mktextfm nullfont
mktextfm ptmb8t
mktextfm nullfont
mktextfm ptmr8t
mktextfm ptmr8t
mktextfm ptmr8t
mktextfm ptmr8t
mktextfm rsfs10
mktextfm rsfs10
mktextfm rsfs5
mktextfm pcrr8t
mktextfm rsfs10
mktextfm ptmrc8t
mktextfm ptmrc8t
mktextfm ptmr8t
mktextfm ptmr8t
mktextfm ptmb8t
mktextfm nullfont
mktextfm ptmb8t
mktextfm nullfont
mktextfm ptmr8t
mktextfm ptmri8t
mktextfm ptmb8t
mktextfm nullfont
mktextfm ptmr8t
mktextfm ptmri8t
mktextfm ecrm1200
mktextfm ecrm1200
